 [*] Waiting for messages on localhost thugctrl To exit press CTRL+C
 [x] Received '{"url": "http://www.vertilitytechnology.com/images/index.php?info=831_654749923", "referer": null, "proxy": null, "timeout": null, "threshold": 0, "extensive": false, "id": "www.vertilitytechnology.com_2013_05_07__09_54_38"}'
job{u'url': u'http://www.vertilitytechnology.com/images/index.php?info=831_654749923', u'referer': None, u'proxy': None, u'timeout': None, u'threshold': 0, u'extensive': False, u'id': u'www.vertilitytechnology.com_2013_05_07__09_54_38'}
['python', 'thug.py', '-t', '0', '-u', 'win7ie90', '-J', '1.7.0.15', u'http://www.vertilitytechnology.com/images/index.php?info=831_654749923']
[2013-05-07 09:54:39] [window open redirection] about:blank -> http://www.vertilitytechnology.com/images/index.php?info=831_654749923

[2013-05-07 09:54:52] [HTTP] URL: http://www.vertilitytechnology.com/images/index.php?info=831_654749923 (Status: 400, Referrer: None)

[2013-05-07 09:54:52] Saving log analysis at ../logs/53d7a9b12860412589d58f65c3466510/20130507095439



 [x] Sent '{"rpath": "53d7a9b12860412589d58f65c3466510/20130507095439", "id": "www.vertilitytechnology.com_2013_05_07__09_54_38"}'
 [x] Done
 [x] Received '{"url": "http://atccam.ru/chequecardjasonsullivan/", "referer": null, "proxy": null, "timeout": null, "threshold": 0, "extensive": false, "id": "atccam.ru_2013_05_07__10_00_06"}'
job{u'url': u'http://atccam.ru/chequecardjasonsullivan/', u'referer': None, u'proxy': None, u'timeout': None, u'threshold': 0, u'extensive': False, u'id': u'atccam.ru_2013_05_07__10_00_06'}
['python', 'thug.py', '-t', '0', '-u', 'win7ie90', '-J', '1.7.0.15', u'http://atccam.ru/chequecardjasonsullivan/']
[2013-05-07 10:00:06] [window open redirection] about:blank -> http://atccam.ru/chequecardjasonsullivan/

[2013-05-07 10:00:09] [HTTP] URL: http://atccam.ru/chequecardjasonsullivan/ (Status: 404, Referrer: None)

[2013-05-07 10:00:09] Saving log analysis at ../logs/996a2a1d2dd081fe20523fb65110461f/20130507100006



 [x] Sent '{"rpath": "996a2a1d2dd081fe20523fb65110461f/20130507100006", "id": "atccam.ru_2013_05_07__10_00_06"}'
 [x] Done
 [x] Received '{"url": "http://askingforgood.com/715lz4481f4", "referer": null, "proxy": null, "timeout": null, "threshold": 0, "extensive": false, "id": "askingforgood.com_2013_05_07__11_14_47"}'
job{u'url': u'http://askingforgood.com/715lz4481f4', u'referer': None, u'proxy': None, u'timeout': None, u'threshold': 0, u'extensive': False, u'id': u'askingforgood.com_2013_05_07__11_14_47'}
['python', 'thug.py', '-t', '0', '-u', 'win7ie90', '-J', '1.7.0.15', u'http://askingforgood.com/715lz4481f4']
[2013-05-07 11:14:48] [window open redirection] about:blank -> http://askingforgood.com/715lz4481f4

[2013-05-07 11:14:51] [HTTP] URL: http://www.livefinancially.com/search/?q=rebuild+my+credit&t=F1192738&sid=CNAZM8U8ovn-1MyW5_iNiA&utm_source=F&utm_medium=paid&utm_campaign=F1192738 (Status: 200, Referrer: None)

[2013-05-07 11:14:51] [HTTP Redirection (Status: 302)] Content-Location: http://askingforgood.com/715lz4481f4 --> Location: http://ra333iders.com/35494/bXRpZD0yJmNhdD0xMDQ2JmFjdD1jbGljayZsaWQ9NTQ5NCZjcmlkPTUwMDE3JmltPTEC_6XA9QXfceQBSHJs9hyB?subid=w16

[2013-05-07 11:14:51] [HTTP] URL: http://www.livefinancially.com/search/?q=rebuild+my+credit&t=F1192738&sid=CNAZM8U8ovn-1MyW5_iNiA&utm_source=F&utm_medium=paid&utm_campaign=F1192738 (Content-type: text/html; charset=utf-8, MD5: 02e2820cc61fa566fc3b5883e74d8861)

[2013-05-07 11:14:52] <meta content="text/html; charset=utf-8" http-equiv="content-type"/>

[2013-05-07 11:14:52] <meta content="noindex,nofollow,noarchive" name="robots"/>

[2013-05-07 11:14:52] <meta content="" name="description"/>

[2013-05-07 11:14:52] <meta content="" name="keywords"/>

[2013-05-07 11:14:52] <link href="http://www.livefinancially.com/search/?q=rebuild+my+credit" rel="canonical"/>

[2013-05-07 11:14:52] [link redirection] http://www.livefinancially.com/search/?q=rebuild+my+credit&t=F1192738&sid=CNAZM8U8ovn-1MyW5_iNiA&utm_source=F&utm_medium=paid&utm_campaign=F1192738 -> http://www.livefinancially.com/search/?q=rebuild+my+credit

[2013-05-07 11:14:53] [HTTP] URL: http://www.livefinancially.com/search/?q=rebuild+my+credit (Status: 200, Referrer: http://www.livefinancially.com/search/?q=rebuild+my+credit&t=F1192738&sid=CNAZM8U8ovn-1MyW5_iNiA&utm_source=F&utm_medium=paid&utm_campaign=F1192738)

[2013-05-07 11:14:53] [HTTP] URL: http://www.livefinancially.com/search/?q=rebuild+my+credit (Content-type: text/html; charset=utf-8, MD5: 68baf01b6e61c3a80b93c0b02c53cf58)

[2013-05-07 11:14:53] <link href="http://fonts.googleapis.com/css?family=Open+Sans:400,300,600,700,800" rel="stylesheet" type="text/css"/>

[2013-05-07 11:14:53] [link redirection] http://www.livefinancially.com/search/?q=rebuild+my+credit&t=F1192738&sid=CNAZM8U8ovn-1MyW5_iNiA&utm_source=F&utm_medium=paid&utm_campaign=F1192738 -> http://fonts.googleapis.com/css?family=Open+Sans:400,300,600,700,800

[2013-05-07 11:14:53] [HTTP] URL: http://fonts.googleapis.com/css?family=Open+Sans:400,300,600,700,800 (Status: 200, Referrer: http://www.livefinancially.com/search/?q=rebuild+my+credit&t=F1192738&sid=CNAZM8U8ovn-1MyW5_iNiA&utm_source=F&utm_medium=paid&utm_campaign=F1192738)

[2013-05-07 11:14:53] [HTTP] URL: http://fonts.googleapis.com/css?family=Open+Sans:400,300,600,700,800 (Content-type: text/css, MD5: 7c79152da9a00fe5609cdc8eb46db206)

[2013-05-07 11:14:54] [script src redirection] http://www.livefinancially.com/search/?q=rebuild+my+credit&t=F1192738&sid=CNAZM8U8ovn-1MyW5_iNiA&utm_source=F&utm_medium=paid&utm_campaign=F1192738 -> http://w.sharethis.com/button/buttons.js

[2013-05-07 11:14:54] [HTTP] URL: http://w.sharethis.com/button/buttons.js (Status: 200, Referrer: http://www.livefinancially.com/search/?q=rebuild+my+credit&t=F1192738&sid=CNAZM8U8ovn-1MyW5_iNiA&utm_source=F&utm_medium=paid&utm_campaign=F1192738)

[2013-05-07 11:14:54] [HTTP] URL: http://w.sharethis.com/button/buttons.js (Content-type: application/x-javascript, MD5: 8c8f6b9d3ca04353facd98d5589bbced)

[2013-05-07 11:14:56] [element workaround redirection] http://www.livefinancially.com/search/?q=rebuild+my+credit&t=F1192738&sid=CNAZM8U8ovn-1MyW5_iNiA&utm_source=F&utm_medium=paid&utm_campaign=F1192738 -> http://wd-edge.sharethis.com/button/checkOAuth.esi

[2013-05-07 11:14:56] [HTTP] URL: http://wd-edge.sharethis.com/button/checkOAuth.esi (Status: 200, Referrer: http://www.livefinancially.com/search/?q=rebuild+my+credit&t=F1192738&sid=CNAZM8U8ovn-1MyW5_iNiA&utm_source=F&utm_medium=paid&utm_campaign=F1192738)

[2013-05-07 11:14:56] [HTTP] URL: http://wd-edge.sharethis.com/button/checkOAuth.esi (Content-type: text/javascript, MD5: a81f728b88327e1f372e11005f114dbd)

[2013-05-07 11:14:57] [Shellcode Analysis] URL Detected: http://www.livefinancially.com/search/?q=rebuild+my+credit&t=F1192738&sid=CNAZM8U8ovn-1MyW5_iNiA&utm_source=F&utm_medium=paid&utm_campaign=F1192738

[2013-05-07 11:14:57] [URL found redirection] http://www.livefinancially.com/search/?q=rebuild+my+credit&t=F1192738&sid=CNAZM8U8ovn-1MyW5_iNiA&utm_source=F&utm_medium=paid&utm_campaign=F1192738 -> http://www.livefinancially.com/search/?q=rebuild+my+credit&t=F1192738&sid=CNAZM8U8ovn-1MyW5_iNiA&utm_source=F&utm_medium=paid&utm_campaign=F1192738

[2013-05-07 11:14:57] [HTTP] URL: http://www.livefinancially.com/search/?q=rebuild+my+credit&t=F1192738&sid=CNAZM8U8ovn-1MyW5_iNiA&utm_source=F&utm_medium=paid&utm_campaign=F1192738 (Status: 200, Referrer: http://www.livefinancially.com/search/?q=rebuild+my+credit&t=F1192738&sid=CNAZM8U8ovn-1MyW5_iNiA&utm_source=F&utm_medium=paid&utm_campaign=F1192738)

[2013-05-07 11:14:57] [HTTP] URL: http://www.livefinancially.com/search/?q=rebuild+my+credit&t=F1192738&sid=CNAZM8U8ovn-1MyW5_iNiA&utm_source=F&utm_medium=paid&utm_campaign=F1192738 (Content-type: text/html; charset=utf-8, MD5: c19b4f90600a6ac03a384cd338501c40)

[2013-05-07 11:14:58] <link href="http://cf.mp-cdn.net/8c/a1/0313b7cb8898ae66a6fa36da09f9.gz.css" rel="stylesheet" type="text/css"/>

[2013-05-07 11:14:58] [link redirection] http://www.livefinancially.com/search/?q=rebuild+my+credit&t=F1192738&sid=CNAZM8U8ovn-1MyW5_iNiA&utm_source=F&utm_medium=paid&utm_campaign=F1192738 -> http://cf.mp-cdn.net/8c/a1/0313b7cb8898ae66a6fa36da09f9.gz.css

[2013-05-07 11:14:58] [HTTP] URL: http://cf.mp-cdn.net/8c/a1/0313b7cb8898ae66a6fa36da09f9.gz.css (Status: 200, Referrer: http://www.livefinancially.com/search/?q=rebuild+my+credit&t=F1192738&sid=CNAZM8U8ovn-1MyW5_iNiA&utm_source=F&utm_medium=paid&utm_campaign=F1192738)

[2013-05-07 11:14:58] [HTTP] URL: http://cf.mp-cdn.net/8c/a1/0313b7cb8898ae66a6fa36da09f9.gz.css (Content-type: text/css; charset=utf-8, MD5: 416f194319ee0067ed9212054deab367)

[2013-05-07 11:14:58] <link href="http://cf.mp-cdn.net/90/11/6ff6ad2b4bbdbfbcca008de66a36.gz.css" rel="stylesheet" type="text/css"/>

[2013-05-07 11:14:58] [link redirection] http://www.livefinancially.com/search/?q=rebuild+my+credit&t=F1192738&sid=CNAZM8U8ovn-1MyW5_iNiA&utm_source=F&utm_medium=paid&utm_campaign=F1192738 -> http://cf.mp-cdn.net/90/11/6ff6ad2b4bbdbfbcca008de66a36.gz.css

[2013-05-07 11:14:59] [HTTP] URL: http://cf.mp-cdn.net/90/11/6ff6ad2b4bbdbfbcca008de66a36.gz.css (Status: 200, Referrer: http://www.livefinancially.com/search/?q=rebuild+my+credit&t=F1192738&sid=CNAZM8U8ovn-1MyW5_iNiA&utm_source=F&utm_medium=paid&utm_campaign=F1192738)

[2013-05-07 11:14:59] [HTTP] URL: http://cf.mp-cdn.net/90/11/6ff6ad2b4bbdbfbcca008de66a36.gz.css (Content-type: text/css; charset=utf-8, MD5: 05424e98843257b537234d4e486ed1d5)

[2013-05-07 11:14:59] <link href="http://cf.mp-cdn.net/7f/52/6ccb65ab0991c54625abe54d9b4c.gz.css" rel="stylesheet" type="text/css"/>

[2013-05-07 11:14:59] [link redirection] http://www.livefinancially.com/search/?q=rebuild+my+credit&t=F1192738&sid=CNAZM8U8ovn-1MyW5_iNiA&utm_source=F&utm_medium=paid&utm_campaign=F1192738 -> http://cf.mp-cdn.net/7f/52/6ccb65ab0991c54625abe54d9b4c.gz.css

[2013-05-07 11:14:59] [HTTP] URL: http://cf.mp-cdn.net/7f/52/6ccb65ab0991c54625abe54d9b4c.gz.css (Status: 200, Referrer: http://www.livefinancially.com/search/?q=rebuild+my+credit&t=F1192738&sid=CNAZM8U8ovn-1MyW5_iNiA&utm_source=F&utm_medium=paid&utm_campaign=F1192738)

[2013-05-07 11:14:59] [HTTP] URL: http://cf.mp-cdn.net/7f/52/6ccb65ab0991c54625abe54d9b4c.gz.css (Content-type: text/css; charset=utf-8, MD5: a9fef535a49ab5c2baa82439ed05d936)

[2013-05-07 11:14:59] <link href="http://cf.mp-cdn.net/76/a8/09930443cdd09eeba24efcf90869.gz.ico" rel="shortcut icon" type="image/x-icon"/>

[2013-05-07 11:14:59] [link redirection] http://www.livefinancially.com/search/?q=rebuild+my+credit&t=F1192738&sid=CNAZM8U8ovn-1MyW5_iNiA&utm_source=F&utm_medium=paid&utm_campaign=F1192738 -> http://cf.mp-cdn.net/76/a8/09930443cdd09eeba24efcf90869.gz.ico

[2013-05-07 11:14:59] [HTTP] URL: http://cf.mp-cdn.net/76/a8/09930443cdd09eeba24efcf90869.gz.ico (Status: 200, Referrer: http://www.livefinancially.com/search/?q=rebuild+my+credit&t=F1192738&sid=CNAZM8U8ovn-1MyW5_iNiA&utm_source=F&utm_medium=paid&utm_campaign=F1192738)

[2013-05-07 11:14:59] [HTTP] URL: http://cf.mp-cdn.net/76/a8/09930443cdd09eeba24efcf90869.gz.ico (Content-type: image/x-icon, MD5: ee2f45c7be1251d4bf2c5f3a3e812921)

[2013-05-07 11:14:59] [script src redirection] http://www.livefinancially.com/search/?q=rebuild+my+credit&t=F1192738&sid=CNAZM8U8ovn-1MyW5_iNiA&utm_source=F&utm_medium=paid&utm_campaign=F1192738 -> http://w.sharethis.com/button/buttons.js

[2013-05-07 11:14:59] [HTTP] URL: http://w.sharethis.com/button/buttons.js (Status: 200, Referrer: http://www.livefinancially.com/search/?q=rebuild+my+credit&t=F1192738&sid=CNAZM8U8ovn-1MyW5_iNiA&utm_source=F&utm_medium=paid&utm_campaign=F1192738)

[2013-05-07 11:14:59] [HTTP] URL: http://w.sharethis.com/button/buttons.js (Content-type: application/x-javascript, MD5: 8c8f6b9d3ca04353facd98d5589bbced)

[2013-05-07 11:15:00] [script src redirection] http://www.livefinancially.com/search/?q=rebuild+my+credit&t=F1192738&sid=CNAZM8U8ovn-1MyW5_iNiA&utm_source=F&utm_medium=paid&utm_campaign=F1192738 -> http://s.sharethis.com/loader.js

[2013-05-07 11:15:00] [HTTP] URL: http://s.sharethis.com/loader.js (Status: 200, Referrer: http://www.livefinancially.com/search/?q=rebuild+my+credit&t=F1192738&sid=CNAZM8U8ovn-1MyW5_iNiA&utm_source=F&utm_medium=paid&utm_campaign=F1192738)

[2013-05-07 11:15:00] [HTTP] URL: http://s.sharethis.com/loader.js (Content-type: application/javascript, MD5: 3bfd1bd20f3325b4accc4e5a55f30e72)

[2013-05-07 11:15:01] <meta content="0847c1e8ec2fd61085299fb46b0e4d15" name="p:domain_verify"/>

[2013-05-07 11:15:01] [script src redirection] http://www.livefinancially.com/search/?q=rebuild+my+credit&t=F1192738&sid=CNAZM8U8ovn-1MyW5_iNiA&utm_source=F&utm_medium=paid&utm_campaign=F1192738 -> http://wd-edge.sharethis.com/button/checkOAuth.esi

[2013-05-07 11:15:01] [HTTP] URL: http://wd-edge.sharethis.com/button/checkOAuth.esi (Status: 200, Referrer: http://www.livefinancially.com/search/?q=rebuild+my+credit&t=F1192738&sid=CNAZM8U8ovn-1MyW5_iNiA&utm_source=F&utm_medium=paid&utm_campaign=F1192738)

[2013-05-07 11:15:01] [HTTP] URL: http://wd-edge.sharethis.com/button/checkOAuth.esi (Content-type: text/javascript, MD5: a81f728b88327e1f372e11005f114dbd)

[2013-05-07 11:15:01] [script src redirection] http://www.livefinancially.com/search/?q=rebuild+my+credit&t=F1192738&sid=CNAZM8U8ovn-1MyW5_iNiA&utm_source=F&utm_medium=paid&utm_campaign=F1192738 -> http://www.google.com/adsense/search/ads.js

[2013-05-07 11:15:01] [HTTP] URL: http://www.google.com/adsense/search/ads.js (Status: 200, Referrer: http://www.livefinancially.com/search/?q=rebuild+my+credit&t=F1192738&sid=CNAZM8U8ovn-1MyW5_iNiA&utm_source=F&utm_medium=paid&utm_campaign=F1192738)

[2013-05-07 11:15:01] [HTTP] URL: http://www.google.com/adsense/search/ads.js (Content-type: text/javascript; charset=UTF-8, MD5: ded8a3ce47fa4ece6d8fb02abc4d18eb)

[2013-05-07 11:15:01] <iframe frameborder="0" height="0" name="__bkframe" src="javascript:void(0)" width="0"></iframe>

[2013-05-07 11:15:01] [Navigator URL Translation] javascript:void(0) --> javascript:void(0)

[2013-05-07 11:15:01] [iframe redirection] http://www.livefinancially.com/search/?q=rebuild+my+credit&t=F1192738&sid=CNAZM8U8ovn-1MyW5_iNiA&utm_source=F&utm_medium=paid&utm_campaign=F1192738 -> javascript:void(0)

[2013-05-07 11:15:01] [HTTP] URL: javascript:void(0) (Status: 400, Referrer: http://www.livefinancially.com/search/?q=rebuild+my+credit&t=F1192738&sid=CNAZM8U8ovn-1MyW5_iNiA&utm_source=F&utm_medium=paid&utm_campaign=F1192738)

[2013-05-07 11:15:01] [script src redirection] http://www.livefinancially.com/search/?q=rebuild+my+credit&t=F1192738&sid=CNAZM8U8ovn-1MyW5_iNiA&utm_source=F&utm_medium=paid&utm_campaign=F1192738 -> http://www.google.com/ads/search/module/ads/3.0/b27dae67aeb63219ad84a58a23fe3bfb95686c6e/n/search.js

[2013-05-07 11:15:01] [HTTP] URL: http://www.google.com/ads/search/module/ads/3.0/b27dae67aeb63219ad84a58a23fe3bfb95686c6e/n/search.js (Status: 200, Referrer: http://www.livefinancially.com/search/?q=rebuild+my+credit&t=F1192738&sid=CNAZM8U8ovn-1MyW5_iNiA&utm_source=F&utm_medium=paid&utm_campaign=F1192738)

[2013-05-07 11:15:01] [HTTP] URL: http://www.google.com/ads/search/module/ads/3.0/b27dae67aeb63219ad84a58a23fe3bfb95686c6e/n/search.js (Content-type: text/javascript; charset=UTF-8, MD5: 5e118fd15ca1ff2146b8e92faca0d289)

[2013-05-07 11:15:19] <iframe frameborder="0" height="0" name="__bkframe" src="javascript:void(0)" width="0"></iframe>

[2013-05-07 11:15:19] [Navigator URL Translation] javascript:void(0) --> javascript:void(0)

[2013-05-07 11:15:19] [iframe redirection] http://www.livefinancially.com/search/?q=rebuild+my+credit&t=F1192738&sid=CNAZM8U8ovn-1MyW5_iNiA&utm_source=F&utm_medium=paid&utm_campaign=F1192738 -> javascript:void(0)

[2013-05-07 11:15:19] [HTTP] URL: javascript:void(0) (Status: 400, Referrer: http://www.livefinancially.com/search/?q=rebuild+my+credit&t=F1192738&sid=CNAZM8U8ovn-1MyW5_iNiA&utm_source=F&utm_medium=paid&utm_campaign=F1192738)

[2013-05-07 11:15:19] [script src redirection] http://www.livefinancially.com/search/?q=rebuild+my+credit&t=F1192738&sid=CNAZM8U8ovn-1MyW5_iNiA&utm_source=F&utm_medium=paid&utm_campaign=F1192738 -> http://tags.bkrtx.com/js/bk-coretag.js

[2013-05-07 11:15:19] [HTTP] URL: http://tags.bkrtx.com/js/bkNo handlers could be found for logger "pika.adapters.blocking_connection"
-coretag.js (Status: 200, Referrer: http://www.livefinancially.com/search/?q=rebuild+my+credit&t=F1192738&sid=CNAZM8U8ovn-1MyW5_iNiA&utm_source=F&utm_medium=paid&utm_campaign=F1192738)

[2013-05-07 11:15:19] [HTTP] URL: http://tags.bkrtx.com/js/bk-coretag.js (Content-type: application/x-javascript, MD5: 30eacc73143d1473fbc9d29ca93d1302)

[2013-05-07 11:17:30] Saving log analysis at ../logs/3d661fcc19d103f611ec223bdb33730f/20130507111448



 [x] Sent '{"rpath": "3d661fcc19d103f611ec223bdb33730f/20130507111448", "id": "askingforgood.com_2013_05_07__11_14_47"}'
 [x] Done
Traceback (most recent call last):
  File "thug_daemon.py", line 141, in <module>
    t = Thugd(args.config, args.clear)
  File "thug_daemon.py", line 129, in __init__
    channel.start_consuming()
  File "/usr/local/lib/python2.7/dist-packages/pika/adapters/blocking_connection.py", line 771, in start_consuming
    self.connection.process_data_events()
  File "/usr/local/lib/python2.7/dist-packages/pika/adapters/blocking_connection.py", line 129, in process_data_events
    if self._handle_read():
  File "/usr/local/lib/python2.7/dist-packages/pika/adapters/blocking_connection.py", line 232, in _handle_read
    super(BlockingConnection, self)._handle_read()
  File "/usr/local/lib/python2.7/dist-packages/pika/adapters/base_connection.py", line 307, in _handle_read
    self._on_data_available(data)
  File "/usr/local/lib/python2.7/dist-packages/pika/connection.py", line 1145, in _on_data_available
    self._process_frame(frame_value)
  File "/usr/local/lib/python2.7/dist-packages/pika/connection.py", line 1187, in _process_frame
    if self._process_callbacks(frame_value):
  File "/usr/local/lib/python2.7/dist-packages/pika/connection.py", line 1160, in _process_callbacks
    frame_value)                 # Args
  File "/usr/local/lib/python2.7/dist-packages/pika/callback.py", line 61, in wrapper
    return function(*tuple(args), **kwargs)
  File "/usr/local/lib/python2.7/dist-packages/pika/callback.py", line 92, in wrapper
    return function(*args, **kwargs)
  File "/usr/local/lib/python2.7/dist-packages/pika/callback.py", line 232, in process
    callback(*args, **keywords)
  File "/usr/local/lib/python2.7/dist-packages/pika/adapters/blocking_connection.py", line 281, in _on_connection_closed
    self._channels[channel]._on_close(method_frame)
  File "/usr/local/lib/python2.7/dist-packages/pika/adapters/blocking_connection.py", line 871, in _on_close
    method_frame.method.reply_text)
pika.exceptions.ChannelClosed: (320, "CONNECTION_FORCED - broker forced connection closure with reason 'shutdown'")
Error in sys.excepthook:
Traceback (most recent call last):
  File "/usr/lib/python2.7/dist-packages/apport_python_hook.py", line 64, in apport_excepthook
    from apport.fileutils import likely_packaged, get_recent_crashes
  File "/usr/lib/python2.7/dist-packages/apport/__init__.py", line 4, in <module>
    from apport.report import Report
  File "/usr/lib/python2.7/dist-packages/apport/report.py", line 12, in <module>
    import subprocess, tempfile, os.path, re, pwd, grp, os
  File "/usr/lib/python2.7/tempfile.py", line 32, in <module>
    import io as _io
  File "/usr/lib/python2.7/io.py", line 51, in <module>
    import _io
ImportError: No module named _io

Original exception was:
Traceback (most recent call last):
  File "thug_daemon.py", line 141, in <module>
    t = Thugd(args.config, args.clear)
  File "thug_daemon.py", line 129, in __init__
    channel.start_consuming()
  File "/usr/local/lib/python2.7/dist-packages/pika/adapters/blocking_connection.py", line 771, in start_consuming
    self.connection.process_data_events()
  File "/usr/local/lib/python2.7/dist-packages/pika/adapters/blocking_connection.py", line 129, in process_data_events
    if self._handle_read():
  File "/usr/local/lib/python2.7/dist-packages/pika/adapters/blocking_connection.py", line 232, in _handle_read
    super(BlockingConnection, self)._handle_read()
  File "/usr/local/lib/python2.7/dist-packages/pika/adapters/base_connection.py", line 307, in _handle_read
    self._on_data_available(data)
  File "/usr/local/lib/python2.7/dist-packages/pika/connection.py", line 1145, in _on_data_available
    self._process_frame(frame_value)
  File "/usr/local/lib/python2.7/dist-packages/pika/connection.py", line 1187, in _process_frame
    if self._process_callbacks(frame_value):
  File "/usr/local/lib/python2.7/dist-packages/pika/connection.py", line 1160, in _process_callbacks
    frame_value)                 # Args
  File "/usr/local/lib/python2.7/dist-packages/pika/callback.py", line 61, in wrapper
    return function(*tuple(args), **kwargs)
  File "/usr/local/lib/python2.7/dist-packages/pika/callback.py", line 92, in wrapper
    return function(*args, **kwargs)
  File "/usr/local/lib/python2.7/dist-packages/pika/callback.py", line 232, in process
    callback(*args, **keywords)
  File "/usr/local/lib/python2.7/dist-packages/pika/adapters/blocking_connection.py", line 281, in _on_connection_closed
    self._channels[channel]._on_close(method_frame)
  File "/usr/local/lib/python2.7/dist-packages/pika/adapters/blocking_connection.py", line 871, in _on_close
    method_frame.method.reply_text)
pika.exceptions.ChannelClosed: (320, "CONNECTION_FORCED - broker forced connection closure with reason 'shutdown'")
